生成启动时间为 2016/3/29 20:18:51。
     1>项目“C:\Users\C\Desktop\robomaster\视觉开源代码\ArmorDetector\ArmorDetector\ArmorDetector.vcxproj”在节点 2 上(Build 个目标)。
     1>ClCompile:
         C:\Program Files (x86)\Microsoft Visual Studio 12.0\VC\bin\CL.exe /c /ZI /nologo /W3 /WX- /sdl /Od /Oy- /D WIN32 /D _DEBUG /D _CONSOLE /D _LIB /D _UNICODE /D UNICODE /Gm /EHsc /RTC1 /MDd /GS /fp:precise /Zc:wchar_t /Zc:forScope /Fo"Debug\\" /Fd"Debug\vc120.pdb" /Gd /TP /analyze- /errorReport:prompt ArmorDetect.cpp
         ArmorDetect.cpp
     1>c:\users\c\desktop\robomaster\视觉开源代码\armordetector\armordetector\armordetect.cpp(52): warning C4244: “初始化”: 从“double”转换到“int”，可能丢失数据
     1>c:\users\c\desktop\robomaster\视觉开源代码\armordetector\armordetector\armordetect.cpp(105): warning C4018: “<”: 有符号/无符号不匹配
     1>c:\users\c\desktop\robomaster\视觉开源代码\armordetector\armordetector\armordetect.cpp(109): warning C4018: “<”: 有符号/无符号不匹配
     1>c:\users\c\desktop\robomaster\视觉开源代码\armordetector\armordetector\armordetect.cpp(114): warning C4018: “<”: 有符号/无符号不匹配
     1>c:\users\c\desktop\robomaster\视觉开源代码\armordetector\armordetector\armordetect.cpp(139): warning C4018: “<”: 有符号/无符号不匹配
     1>c:\users\c\desktop\robomaster\视觉开源代码\armordetector\armordetector\armordetect.cpp(147): warning C4018: “<”: 有符号/无符号不匹配
     1>c:\users\c\desktop\robomaster\视觉开源代码\armordetector\armordetector\armordetect.cpp(194): warning C4018: “<”: 有符号/无符号不匹配
     1>c:\users\c\desktop\robomaster\视觉开源代码\armordetector\armordetector\armordetect.cpp(196): warning C4018: “<”: 有符号/无符号不匹配
     1>c:\users\c\desktop\robomaster\视觉开源代码\armordetector\armordetector\armordetect.cpp(213): warning C4244: “=”: 从“float”转换到“int”，可能丢失数据
     1>c:\users\c\desktop\robomaster\视觉开源代码\armordetector\armordetector\armordetect.cpp(215): warning C4244: “=”: 从“float”转换到“int”，可能丢失数据
       Link:
         C:\Program Files (x86)\Microsoft Visual Studio 12.0\VC\bin\link.exe /ERRORREPORT:PROMPT /OUT:"C:\Users\C\Desktop\robomaster\视觉开源代码\ArmorDetector\Debug\ArmorDetector.exe" /INCREMENTAL /NOLOGO opencv_ml249d.lib opencv_calib3d249d.lib opencv_contrib249d.lib opencv_core249d.lib opencv_features2d249d.lib opencv_flann249d.lib opencv_gpu249d.lib opencv_highgui249d.lib opencv_imgproc249d.lib opencv_legacy249d.lib opencv_objdetect249d.lib opencv_ts249d.lib opencv_video249d.lib opencv_nonfree249d.lib opencv_ocl249d.lib opencv_photo249d.lib opencv_stitching249d.lib opencv_superres249d.lib opencv_videostab249d.lib kernel32.lib user32.lib gdi32.lib winspool.lib comdlg32.lib advapi32.lib shell32.lib ole32.lib oleaut32.lib uuid.lib odbc32.lib odbccp32.lib /MANIFEST /MANIFESTUAC:"level='asInvoker' uiAccess='false'" /manifest:embed /DEBUG /PDB:"C:\Users\C\Desktop\robomaster\视觉开源代码\ArmorDetector\Debug\ArmorDetector.pdb" /SUBSYSTEM:CONSOLE /TLBID:1 /DYNAMICBASE /NXCOMPAT /IMPLIB:"C:\Users\C\Desktop\robomaster\视觉开源代码\ArmorDetector\Debug\ArmorDetector.lib" /MACHINE:X86 Debug\ArmorDetect.obj
         ArmorDetector.vcxproj -> C:\Users\C\Desktop\robomaster\视觉开源代码\ArmorDetector\Debug\ArmorDetector.exe
     1>已完成生成项目“C:\Users\C\Desktop\robomaster\视觉开源代码\ArmorDetector\ArmorDetector\ArmorDetector.vcxproj”(Build 个目标)的操作。

生成成功。

已用时间 00:00:01.85
